<?xml version="1.0" encoding="UTF-8"?>
<!-- Generated by org.testng.reporters.JUnitReportReporter -->
<testsuite hostname="DESKTOP-OHIVRM9" failures="0" tests="4" name="tests.RegisterTest" time="14.483" errors="0" timestamp="2025-06-25T00:54:25 CST" skipped="0">
  <testcase classname="tests.RegisterTest" name="testSuccessfulRegistration" time="4.312"/>
  <testcase classname="tests.RegisterTest" name="testInvalidEmailFormat" time="3.349"/>
  <testcase classname="tests.RegisterTest" name="testEmptyRequiredFields" time="2.847"/>
  <testcase classname="tests.RegisterTest" name="testMismatchedPasswords" time="3.975"/>
</testsuite> <!-- tests.RegisterTest -->
