<?xml version="1.0" encoding="UTF-8"?>
<!-- Generated by org.testng.reporters.JUnitReportReporter -->
<testsuite hostname="DESKTOP-OHIVRM9" failures="0" tests="4" name="tests.RegisterTest" time="11.814" errors="0" timestamp="2025-07-22T22:33:49 CST" skipped="0">
  <testcase classname="tests.RegisterTest" name="testEmptyRequiredFields" time="2.296"/>
  <testcase classname="tests.RegisterTest" name="testSuccessfulRegistration" time="2.909"/>
  <testcase classname="tests.RegisterTest" name="testInvalidEmailFormat" time="4.033"/>
  <testcase classname="tests.RegisterTest" name="testMismatchedPasswords" time="2.576"/>
</testsuite> <!-- tests.RegisterTest -->
