<?xml version="1.0" encoding="UTF-8"?>
<!-- Generated by org.testng.reporters.JUnitReportReporter -->
<testsuite hostname="DESKTOP-OHIVRM9" failures="0" tests="1" name="tests.LoginTest" time="4.087" errors="0" timestamp="2025-07-04T23:16:03 CST" skipped="0">
  <testcase classname="tests.LoginTest" name="testSuccessfulLogin" time="4.087"/>
</testsuite> <!-- tests.LoginTest -->
