<?xml version="1.0" encoding="UTF-8"?>
<!-- Generated by org.testng.reporters.JUnitReportReporter -->
<testsuite hostname="DESKTOP-OHIVRM9" failures="0" tests="4" name="tests.RegisterTest" time="11.370" errors="0" timestamp="2025-08-14T22:04:22 CST" skipped="0">
  <testcase classname="tests.RegisterTest" name="testEmptyRequiredFields" time="3.075"/>
  <testcase classname="tests.RegisterTest" name="testSuccessfulRegistration" time="2.654"/>
  <testcase classname="tests.RegisterTest" name="testInvalidEmailFormat" time="2.604"/>
  <testcase classname="tests.RegisterTest" name="testMismatchedPasswords" time="3.037"/>
</testsuite> <!-- tests.RegisterTest -->
